  Building 'firstKMDF' with toolset 'WindowsKernelModeDriver10.0' and the 'Universal' target platform.
  Stamping x64\Debug\firstKMDF.inf [Version] section with DriverVer=12/15/2016,16.51.18.230
  Device.c
  Driver.c
  Queue.c
  Generating Code...
  firstKMDF.vcxproj -> C:\Users\test\Desktop\firstKMDF\x64\Debug\firstKMDF.sys
  firstKMDF.vcxproj -> C:\Users\test\Desktop\firstKMDF\x64\Debug\firstKMDF.pdb (Full PDB)
  Done Adding Additional Store
  Successfully signed: C:\Users\test\Desktop\firstKMDF\x64\Debug\firstKMDF.sys
  
  Driver is a Universal Driver.
  ........................
  Signability test complete.
  
  Errors:
  None
  
  Warnings:
  None
  
  Catalog generation complete.
  C:\Users\test\Desktop\firstKMDF\x64\Debug\firstKMDF\firstkmdf.cat
  Done Adding Additional Store
  Successfully signed: C:\Users\test\Desktop\firstKMDF\x64\Debug\firstKMDF\firstkmdf.cat
  
